10:36:47 **** Incremental Build of configuration Debug for project Ex4 ****
Info: Internal Builder is used for build
gcc -O0 -g3 -Wall -c -fmessage-length=0 -o "src\\Ex4.o" "..\\src\\Ex4.c" 
..\src\Ex4.c: In function 'main':
..\src\Ex4.c:21:11: warning: format '%d' expects argument of type 'int *', but argument 2 has type 'char *' [-Wformat=]
   21 |   scanf("%d",ptr);
      |          ~^  ~~~
      |           |  |
      |           |  char *
      |           int *
      |          %c
..\src\Ex4.c:21:11: warning: format '%d' expects argument of type 'int *', but argument 2 has type 'char *' [-Wformat=]
   21 |   scanf("%d",ptr);
      |          ~^  ~~~
      |           |  |
      |           |  char *
      |           int *
      |          %c
gcc -o Ex4.exe "src\\Ex4.o" 
Info: Nothing to build for Ex4
10:42:37 **** Incremental Build of configuration Debug for project Ex4 ****
Info: Internal Builder is used for build
gcc -O0 -g3 -Wall -c -fmessage-length=0 -o "src\\Ex4.o" "..\\src\\Ex4.c" 
..\src\Ex4.c: In function 'main':
..\src\Ex4.c:21:11: warning: format '%d' expects argument of type 'int *', but argument 2 has type 'char *' [-Wformat=]
   21 |   scanf("%d",ptr);
      |          ~^  ~~~
      |           |  |
      |           |  char *
      |           int *
      |          %c
..\src\Ex4.c:21:11: warning: format '%d' expects argument of type 'int *', but argument 2 has type 'char *' [-Wformat=]
   21 |   scanf("%d",ptr);
      |          ~^  ~~~
      |           |  |
      |           |  char *
      |           int *
      |          %c
gcc -o Ex4.exe "src\\Ex4.o" 
Info: Nothing to build for Ex1
Info: Nothing to build for Ex2
Info: Nothing to build for Ex3
Info: Nothing to build for Ex4
11:17:16 **** Rebuild of configuration Debug for project Ex5 ****
Info: Internal Builder is used for build
gcc -O0 -g3 -Wall -c -fmessage-length=0 -o "src\\Ex5.o" "..\\src\\Ex5.c" 
..\src\Ex5.c: In function 'main':
..\src\Ex5.c:21:16: error: '*employee[0]' is a pointer; did you mean to use '->'?
   21 |  *(employee[0])->Employee_Name="Alex";
      |                ^~
      |                ->
..\src\Ex5.c:22:16: error: '*employee[0]' is a pointer; did you mean to use '->'?
   22 |  *(employee[0])->Employee_ID=1002;
      |                ^~
      |                ->
..\src\Ex5.c:23:64: error: '*employee[0]' is a pointer; did you mean to use '->'?
   23 |  printf("Exmployee Name: %s \n Employee ID : %d",*(employee[0])->Employee_Name,*(employee[0])->Employee_ID);
      |                                                                ^~
      |                                                                ->
..\src\Ex5.c:23:94: error: '*employee[0]' is a pointer; did you mean to use '->'?
   23 |  printf("Exmployee Name: %s \n Employee ID : %d",*(employee[0])->Employee_Name,*(employee[0])->Employee_ID);
      |                                                                                              ^~
      |                                                                                              ->
Info: Nothing to build for Ex1
Info: Nothing to build for Ex2
Info: Nothing to build for Ex3
Info: Nothing to build for Ex4
11:17:44 **** Incremental Build of configuration Debug for project Ex5 ****
Info: Internal Builder is used for build
gcc -O0 -g3 -Wall -c -fmessage-length=0 -o "src\\Ex5.o" "..\\src\\Ex5.c" 
..\src\Ex5.c: In function 'main':
..\src\Ex5.c:21:33: warning: assignment to 'char' from 'char *' makes integer from pointer without a cast [-Wint-conversion]
   21 |  (*(employee[0]))->Employee_Name="Alex";
      |                                 ^
..\src\Ex5.c:22:16: error: '*employee[0]' is a pointer; did you mean to use '->'?
   22 |  *(employee[0])->Employee_ID=1002;
      |                ^~
      |                ->
..\src\Ex5.c:23:64: error: '*employee[0]' is a pointer; did you mean to use '->'?
   23 |  printf("Exmployee Name: %s \n Employee ID : %d",*(employee[0])->Employee_Name,*(employee[0])->Employee_ID);
      |                                                                ^~
      |                                                                ->
..\src\Ex5.c:23:94: error: '*employee[0]' is a pointer; did you mean to use '->'?
   23 |  printf("Exmployee Name: %s \n Employee ID : %d",*(employee[0])->Employee_Name,*(employee[0])->Employee_ID);
      |                                                                                              ^~
      |                                                                                              ->
Info: Nothing to build for Ex1
Info: Nothing to build for Ex2
Info: Nothing to build for Ex3
Info: Nothing to build for Ex4
11:18:04 **** Incremental Build of configuration Debug for project Ex5 ****
Info: Internal Builder is used for build
gcc -O0 -g3 -Wall -c -fmessage-length=0 -o "src\\Ex5.o" "..\\src\\Ex5.c" 
..\src\Ex5.c: In function 'main':
..\src\Ex5.c:21:33: warning: assignment to 'char' from 'char *' makes integer from pointer without a cast [-Wint-conversion]
   21 |  (*(employee[0]))->Employee_Name="Alex";
      |                                 ^
..\src\Ex5.c:23:64: error: '*employee[0]' is a pointer; did you mean to use '->'?
   23 |  printf("Exmployee Name: %s \n Employee ID : %d",*(employee[0])->Employee_Name,*(employee[0])->Employee_ID);
      |                                                                ^~
      |                                                                ->
..\src\Ex5.c:23:94: error: '*employee[0]' is a pointer; did you mean to use '->'?
   23 |  printf("Exmployee Name: %s \n Employee ID : %d",*(employee[0])->Employee_Name,*(employee[0])->Employee_ID);
      |                                                                                              ^~
      |                                                                                              ->
Info: Nothing to build for Ex1
Info: Nothing to build for Ex2
Info: Nothing to build for Ex3
Info: Nothing to build for Ex4
11:18:26 **** Incremental Build of configuration Debug for project Ex5 ****
Info: Internal Builder is used for build
gcc -O0 -g3 -Wall -c -fmessage-length=0 -o "src\\Ex5.o" "..\\src\\Ex5.c" 
..\src\Ex5.c: In function 'main':
..\src\Ex5.c:21:33: warning: assignment to 'char' from 'char *' makes integer from pointer without a cast [-Wint-conversion]
   21 |  (*(employee[0]))->Employee_Name="Alex";
      |                                 ^
..\src\Ex5.c:23:27: warning: format '%s' expects argument of type 'char *', but argument 2 has type 'int' [-Wformat=]
   23 |  printf("Exmployee Name: %s \n Employee ID : %d",(*(employee[0]))->Employee_Name,(*(employee[0]))->Employee_ID);
      |                          ~^                      ~~~~~~~~~~~~~~~~~~~~~~~~~~~~~~~
      |                           |                                      |
      |                           char *                                 int
      |                          %d
..\src\Ex5.c:23:27: warning: format '%s' expects argument of type 'char *', but argument 2 has type 'int' [-Wformat=]
   23 |  printf("Exmployee Name: %s \n Employee ID : %d",(*(employee[0]))->Employee_Name,(*(employee[0]))->Employee_ID);
      |                          ~^                      ~~~~~~~~~~~~~~~~~~~~~~~~~~~~~~~
      |                           |                                      |
      |                           char *                                 int
      |                          %d
..\src\Ex5.c:21:13: warning: 'employee[0]' is used uninitialized in this function [-Wuninitialized]
   21 |  (*(employee[0]))->Employee_Name="Alex";
      |    ~~~~~~~~~^~~~
..\src\Ex5.c:22:13: warning: 'employee[0]' is used uninitialized in this function [-Wuninitialized]
   22 |  (*(employee[0]))->Employee_ID=1002;
      |    ~~~~~~~~~^~~~
..\src\Ex5.c:23:93: warning: 'employee[0]' is used uninitialized in this function [-Wuninitialized]
   23 |  printf("Exmployee Name: %s \n Employee ID : %d",(*(employee[0]))->Employee_Name,(*(employee[0]))->Employee_ID);
      |                                                                                    ~~~~~~~~~^~~~
..\src\Ex5.c:23:61: warning: 'employee[0]' is used uninitialized in this function [-Wuninitialized]
   23 |  printf("Exmployee Name: %s \n Employee ID : %d",(*(employee[0]))->Employee_Name,(*(employee[0]))->Employee_ID);
      |                                                    ~~~~~~~~~^~~~
gcc -o Ex5.exe "src\\Ex5.o" 
Info: Nothing to build for Ex5
Info: Nothing to build for Ex1
Info: Nothing to build for Ex2
Info: Nothing to build for Ex3
Info: Nothing to build for Ex4
11:20:43 **** Incremental Build of configuration Debug for project Ex5 ****
Info: Internal Builder is used for build
gcc -O0 -g3 -Wall -c -fmessage-length=0 -o "src\\Ex5.o" "..\\src\\Ex5.c" 
..\src\Ex5.c: In function 'main':
..\src\Ex5.c:21:2: error: invalid type argument of unary '*' (have 'int')
   21 |  *(*(employee[0]))->Employee_Name="Alex";
      |  ^~~~~~~~~~~~~~~~~~~~~~~~~~~~~~~~
..\src\Ex5.c:22:2: error: invalid type argument of unary '*' (have 'int')
   22 |  *(*(employee[0]))->Employee_ID=1002;
      |  ^~~~~~~~~~~~~~~~~~~~~~~~~~~~~~
..\src\Ex5.c:23:27: warning: format '%s' expects argument of type 'char *', but argument 2 has type 'int' [-Wformat=]
   23 |  printf("Exmployee Name: %s \n Employee ID : %d",(*(employee[0]))->Employee_Name,(*(employee[0]))->Employee_ID);
      |                          ~^                      ~~~~~~~~~~~~~~~~~~~~~~~~~~~~~~~
      |                           |                                      |
      |                           char *                                 int
      |                          %d
..\src\Ex5.c:23:27: warning: format '%s' expects argument of type 'char *', but argument 2 has type 'int' [-Wformat=]
   23 |  printf("Exmployee Name: %s \n Employee ID : %d",(*(employee[0]))->Employee_Name,(*(employee[0]))->Employee_ID);
      |                          ~^                      ~~~~~~~~~~~~~~~~~~~~~~~~~~~~~~~
      |                           |                                      |
      |                           char *                                 int
      |                          %d
Info: Nothing to build for Ex1
Info: Nothing to build for Ex2
Info: Nothing to build for Ex3
Info: Nothing to build for Ex4
11:20:49 **** Incremental Build of configuration Debug for project Ex5 ****
Info: Internal Builder is used for build
gcc -O0 -g3 -Wall -c -fmessage-length=0 -o "src\\Ex5.o" "..\\src\\Ex5.c" 
..\src\Ex5.c: In function 'main':
..\src\Ex5.c:21:33: warning: assignment to 'char' from 'char *' makes integer from pointer without a cast [-Wint-conversion]
   21 |  (*(employee[0]))->Employee_Name="Alex";
      |                                 ^
..\src\Ex5.c:23:27: warning: format '%s' expects argument of type 'char *', but argument 2 has type 'int' [-Wformat=]
   23 |  printf("Exmployee Name: %s \n Employee ID : %d",(*(employee[0]))->Employee_Name,(*(employee[0]))->Employee_ID);
      |                          ~^                      ~~~~~~~~~~~~~~~~~~~~~~~~~~~~~~~
      |                           |                                      |
      |                           char *                                 int
      |                          %d
..\src\Ex5.c:23:27: warning: format '%s' expects argument of type 'char *', but argument 2 has type 'int' [-Wformat=]
   23 |  printf("Exmployee Name: %s \n Employee ID : %d",(*(employee[0]))->Employee_Name,(*(employee[0]))->Employee_ID);
      |                          ~^                      ~~~~~~~~~~~~~~~~~~~~~~~~~~~~~~~
      |                           |                                      |
      |                           char *                                 int
      |                          %d
..\src\Ex5.c:21:13: warning: 'employee[0]' is used uninitialized in this function [-Wuninitialized]
   21 |  (*(employee[0]))->Employee_Name="Alex";
      |    ~~~~~~~~~^~~~
..\src\Ex5.c:22:13: warning: 'employee[0]' is used uninitialized in this function [-Wuninitialized]
   22 |  (*(employee[0]))->Employee_ID=1002;
      |    ~~~~~~~~~^~~~
..\src\Ex5.c:23:93: warning: 'employee[0]' is used uninitialized in this function [-Wuninitialized]
   23 |  printf("Exmployee Name: %s \n Employee ID : %d",(*(employee[0]))->Employee_Name,(*(employee[0]))->Employee_ID);
      |                                                                                    ~~~~~~~~~^~~~
..\src\Ex5.c:23:61: warning: 'employee[0]' is used uninitialized in this function [-Wuninitialized]
   23 |  printf("Exmployee Name: %s \n Employee ID : %d",(*(employee[0]))->Employee_Name,(*(employee[0]))->Employee_ID);
      |                                                    ~~~~~~~~~^~~~
gcc -o Ex5.exe "src\\Ex5.o" 
Info: Nothing to build for Ex5
Info: Nothing to build for Ex1
Info: Nothing to build for Ex2
Info: Nothing to build for Ex3
Info: Nothing to build for Ex4
11:34:51 **** Incremental Build of configuration Debug for project Ex5 ****
Info: Internal Builder is used for build
gcc -O0 -g3 -Wall -c -fmessage-length=0 -o "src\\Ex5.o" "..\\src\\Ex5.c" 
..\src\Ex5.c: In function 'main':
..\src\Ex5.c:20:19: error: expected expression before '{' token
   20 |       employee1 = {"alex",123};
      |                   ^
..\src\Ex5.c:21:19: error: expected expression before '{' token
   21 |       employee2 = {"john",456};
      |                   ^
..\src\Ex5.c:19:23: warning: unused variable 'employee3' [-Wunused-variable]
   19 |  }employee1,employee2,employee3;
      |                       ^~~~~~~~~
..\src\Ex5.c:19:13: warning: variable 'employee2' set but not used [-Wunused-but-set-variable]
   19 |  }employee1,employee2,employee3;
      |             ^~~~~~~~~
..\src\Ex5.c:19:3: warning: variable 'employee1' set but not used [-Wunused-but-set-variable]
   19 |  }employee1,employee2,employee3;
      |   ^~~~~~~~~
Info: Nothing to build for Ex1
Info: Nothing to build for Ex2
Info: Nothing to build for Ex3
Info: Nothing to build for Ex4
11:36:33 **** Incremental Build of configuration Debug for project Ex5 ****
Info: Internal Builder is used for build
gcc -O0 -g3 -Wall -c -fmessage-length=0 -o "src\\Ex5.o" "..\\src\\Ex5.c" 
..\src\Ex5.c: In function 'main':
..\src\Ex5.c:20:19: error: expected expression before '{' token
   20 |       employee1 = {"alex",123};
      |                   ^
..\src\Ex5.c:21:19: error: expected expression before '{' token
   21 |       employee2 = {"john",456};
      |                   ^
Info: Nothing to build for Ex1
Info: Nothing to build for Ex2
Info: Nothing to build for Ex3
Info: Nothing to build for Ex4
11:36:53 **** Incremental Build of configuration Debug for project Ex5 ****
Info: Internal Builder is used for build
gcc -O0 -g3 -Wall -c -fmessage-length=0 -o "src\\Ex5.o" "..\\src\\Ex5.c" 
..\src\Ex5.c: In function 'main':
..\src\Ex5.c:21:16: warning: unused variable 'employee2' [-Wunused-variable]
   21 |  struct data   employee2 = {"john",456};
      |                ^~~~~~~~~
..\src\Ex5.c:20:16: warning: unused variable 'employee1' [-Wunused-variable]
   20 |  struct data   employee1 = {"alex",123};
      |                ^~~~~~~~~
gcc -o Ex5.exe "src\\Ex5.o" 
Info: Nothing to build for Ex1
Info: Nothing to build for Ex2
Info: Nothing to build for Ex3
Info: Nothing to build for Ex4
11:44:09 **** Incremental Build of configuration Debug for project Ex5 ****
Info: Internal Builder is used for build
gcc -O0 -g3 -Wall -c -fmessage-length=0 -o "src\\Ex5.o" "..\\src\\Ex5.c" 
..\src\Ex5.c: In function 'main':
..\src\Ex5.c:24:29: error: invalid initializer
   24 |  struct data   (*(*ptr[3]))=&arr;
      |                             ^
..\src\Ex5.c:24:20: warning: unused variable 'ptr' [-Wunused-variable]
   24 |  struct data   (*(*ptr[3]))=&arr;
      |                    ^~~
Info: Nothing to build for Ex1
Info: Nothing to build for Ex2
Info: Nothing to build for Ex3
Info: Nothing to build for Ex4
11:44:57 **** Incremental Build of configuration Debug for project Ex5 ****
Info: Internal Builder is used for build
gcc -O0 -g3 -Wall -c -fmessage-length=0 -o "src\\Ex5.o" "..\\src\\Ex5.c" 
..\src\Ex5.c: In function 'main':
..\src\Ex5.c:24:28: error: invalid initializer
   24 |  struct data   (*(*ptr[]))=&arr;
      |                            ^
..\src\Ex5.c:24:20: warning: unused variable 'ptr' [-Wunused-variable]
   24 |  struct data   (*(*ptr[]))=&arr;
      |                    ^~~
Info: Nothing to build for Ex1
Info: Nothing to build for Ex2
Info: Nothing to build for Ex3
Info: Nothing to build for Ex4
11:45:22 **** Incremental Build of configuration Debug for project Ex5 ****
Info: Internal Builder is used for build
gcc -O0 -g3 -Wall -c -fmessage-length=0 -o "src\\Ex5.o" "..\\src\\Ex5.c" 
..\src\Ex5.c: In function 'main':
..\src\Ex5.c:24:27: error: invalid initializer
   24 |  struct data   *(*ptr[3])=&arr;
      |                           ^
..\src\Ex5.c:24:19: warning: unused variable 'ptr' [-Wunused-variable]
   24 |  struct data   *(*ptr[3])=&arr;
      |                   ^~~
Info: Nothing to build for Ex1
Info: Nothing to build for Ex2
Info: Nothing to build for Ex3
Info: Nothing to build for Ex4
11:47:22 **** Incremental Build of configuration Debug for project Ex5 ****
Info: Internal Builder is used for build
gcc -O0 -g3 -Wall -c -fmessage-length=0 -o "src\\Ex5.o" "..\\src\\Ex5.c" 
..\src\Ex5.c: In function 'main':
..\src\Ex5.c:24:29: error: invalid initializer
   24 |  struct data   (*(*ptr[3]))=&arr;
      |                             ^
..\src\Ex5.c:24:20: warning: unused variable 'ptr' [-Wunused-variable]
   24 |  struct data   (*(*ptr[3]))=&arr;
      |                    ^~~
Info: Nothing to build for Ex1
Info: Nothing to build for Ex2
Info: Nothing to build for Ex3
Info: Nothing to build for Ex4
11:48:15 **** Incremental Build of configuration Debug for project Ex5 ****
Info: Internal Builder is used for build
gcc -O0 -g3 -Wall -c -fmessage-length=0 -o "src\\Ex5.o" "..\\src\\Ex5.c" 
..\src\Ex5.c: In function 'main':
..\src\Ex5.c:24:29: error: invalid initializer
   24 |  struct data   (*(*ptr[3]))=&arr[0];
      |                             ^
..\src\Ex5.c:24:20: warning: unused variable 'ptr' [-Wunused-variable]
   24 |  struct data   (*(*ptr[3]))=&arr[0];
      |                    ^~~
Info: Nothing to build for Ex1
Info: Nothing to build for Ex2
Info: Nothing to build for Ex3
Info: Nothing to build for Ex4
11:48:24 **** Incremental Build of configuration Debug for project Ex5 ****
Info: Internal Builder is used for build
gcc -O0 -g3 -Wall -c -fmessage-length=0 -o "src\\Ex5.o" "..\\src\\Ex5.c" 
..\src\Ex5.c: In function 'main':
..\src\Ex5.c:24:29: error: invalid initializer
   24 |  struct data   (*(*ptr[3]))=arr;
      |                             ^~~
..\src\Ex5.c:24:20: warning: unused variable 'ptr' [-Wunused-variable]
   24 |  struct data   (*(*ptr[3]))=arr;
      |                    ^~~
Info: Nothing to build for Ex1
Info: Nothing to build for Ex2
Info: Nothing to build for Ex3
Info: Nothing to build for Ex4
11:48:34 **** Incremental Build of configuration Debug for project Ex5 ****
Info: Internal Builder is used for build
gcc -O0 -g3 -Wall -c -fmessage-length=0 -o "src\\Ex5.o" "..\\src\\Ex5.c" 
..\src\Ex5.c: In function 'main':
..\src\Ex5.c:24:28: error: invalid initializer
   24 |  struct data   (*(*ptr[]))=arr;
      |                            ^~~
..\src\Ex5.c:24:20: warning: unused variable 'ptr' [-Wunused-variable]
   24 |  struct data   (*(*ptr[]))=arr;
      |                    ^~~
11:48:39 **** Incremental Build of configuration Debug for project Ex5 ****
Info: Internal Builder is used for build
gcc -O0 -g3 -Wall -c -fmessage-length=0 -o "src\\Ex5.o" "..\\src\\Ex5.c" 
..\src\Ex5.c: In function 'main':
..\src\Ex5.c:24:28: error: invalid initializer
   24 |  struct data   (*(*ptr[]))=arr;
      |                            ^~~
..\src\Ex5.c:24:20: warning: unused variable 'ptr' [-Wunused-variable]
   24 |  struct data   (*(*ptr[]))=arr;
      |                    ^~~
Info: Nothing to build for Ex1
Info: Nothing to build for Ex2
Info: Nothing to build for Ex3
Info: Nothing to build for Ex4
11:49:46 **** Incremental Build of configuration Debug for project Ex5 ****
Info: Internal Builder is used for build
gcc -O0 -g3 -Wall -c -fmessage-length=0 -o "src\\Ex5.o" "..\\src\\Ex5.c" 
..\src\Ex5.c: In function 'main':
..\src\Ex5.c:24:28: error: invalid initializer
   24 |  struct data   (*(*ptr[]))=arr;
      |                            ^~~
..\src\Ex5.c:24:20: warning: unused variable 'ptr' [-Wunused-variable]
   24 |  struct data   (*(*ptr[]))=arr;
      |                    ^~~
Info: Nothing to build for Ex1
Info: Nothing to build for Ex2
Info: Nothing to build for Ex3
Info: Nothing to build for Ex4
11:50:59 **** Incremental Build of configuration Debug for project Ex5 ****
Info: Internal Builder is used for build
gcc -O0 -g3 -Wall -c -fmessage-length=0 -o "src\\Ex5.o" "..\\src\\Ex5.c" 
..\src\Ex5.c: In function 'main':
..\src\Ex5.c:24:26: error: invalid initializer
   24 |  struct data   (*ptr[3])=arr;
      |                          ^~~
..\src\Ex5.c:24:18: warning: unused variable 'ptr' [-Wunused-variable]
   24 |  struct data   (*ptr[3])=arr;
      |                  ^~~
Info: Nothing to build for Ex1
Info: Nothing to build for Ex2
Info: Nothing to build for Ex3
Info: Nothing to build for Ex4
11:51:08 **** Incremental Build of configuration Debug for project Ex5 ****
Info: Internal Builder is used for build
gcc -O0 -g3 -Wall -c -fmessage-length=0 -o "src\\Ex5.o" "..\\src\\Ex5.c" 
..\src\Ex5.c: In function 'main':
..\src\Ex5.c:24:26: error: invalid initializer
   24 |  struct data   (*ptr[3])=arr;
      |                          ^~~
..\src\Ex5.c:24:18: warning: unused variable 'ptr' [-Wunused-variable]
   24 |  struct data   (*ptr[3])=arr;
      |                  ^~~
Info: Nothing to build for Ex1
Info: Nothing to build for Ex2
Info: Nothing to build for Ex3
Info: Nothing to build for Ex4
11:52:50 **** Incremental Build of configuration Debug for project Ex5 ****
Info: Internal Builder is used for build
gcc -O0 -g3 -Wall -c -fmessage-length=0 -o "src\\Ex5.o" "..\\src\\Ex5.c" 
..\src\Ex5.c: In function 'main':
..\src\Ex5.c:24:27: error: invalid initializer
   24 |  struct data   *(*ptr[3])=&arr;
      |                           ^
..\src\Ex5.c:24:19: warning: unused variable 'ptr' [-Wunused-variable]
   24 |  struct data   *(*ptr[3])=&arr;
      |                   ^~~
Info: Nothing to build for Ex1
Info: Nothing to build for Ex2
Info: Nothing to build for Ex3
Info: Nothing to build for Ex4
11:57:54 **** Incremental Build of configuration Debug for project Ex5 ****
Info: Internal Builder is used for build
gcc -O0 -g3 -Wall -c -fmessage-length=0 -o "src\\Ex5.o" "..\\src\\Ex5.c" 
..\src\Ex5.c: In function 'main':
..\src\Ex5.c:24:27: error: invalid initializer
   24 |  struct data   *(*ptr[0])=&arr;
      |                           ^
..\src\Ex5.c:24:19: warning: unused variable 'ptr' [-Wunused-variable]
   24 |  struct data   *(*ptr[0])=&arr;
      |                   ^~~
Info: Nothing to build for Ex1
Info: Nothing to build for Ex2
Info: Nothing to build for Ex3
Info: Nothing to build for Ex4
14:29:42 **** Incremental Build of configuration Debug for project Ex5 ****
Info: Internal Builder is used for build
gcc -O0 -g3 -Wall -c -fmessage-length=0 -o "src\\Ex5.o" "..\\src\\Ex5.c" 
..\src\Ex5.c: In function 'main':
..\src\Ex5.c:24:29: error: invalid initializer
   24 |  struct data   (*(*ptr[2]))=&arr;
      |                             ^
..\src\Ex5.c:25:16: error: invalid type argument of unary '*' (have 'struct data')
   25 |  printf ("%s",(**(*ptr[1])).Employee_Name);
      |                ^~~~~~~~~~~
Info: Nothing to build for Ex1
Info: Nothing to build for Ex2
Info: Nothing to build for Ex3
Info: Nothing to build for Ex4
14:30:05 **** Incremental Build of configuration Debug for project Ex5 ****
Info: Internal Builder is used for build
gcc -O0 -g3 -Wall -c -fmessage-length=0 -o "src\\Ex5.o" "..\\src\\Ex5.c" 
..\src\Ex5.c: In function 'main':
..\src\Ex5.c:24:29: error: invalid initializer
   24 |  struct data   (*(*ptr[2]))=&arr;
      |                             ^
Info: Nothing to build for Ex1
Info: Nothing to build for Ex2
Info: Nothing to build for Ex3
Info: Nothing to build for Ex4
14:30:50 **** Incremental Build of configuration Debug for project Ex5 ****
Info: Internal Builder is used for build
gcc -O0 -g3 -Wall -c -fmessage-length=0 -o "src\\Ex5.o" "..\\src\\Ex5.c" 
..\src\Ex5.c: In function 'main':
..\src\Ex5.c:24:29: error: invalid initializer
   24 |  struct data   (*(*ptr[2]))=&arr;
      |                             ^
..\src\Ex5.c:26:12: warning: format '%s' expects argument of type 'char *', but argument 2 has type 'int' [-Wformat=]
   26 |  printf ("%s",(**(*ptr+1)).Employee_ID);
      |           ~^  ~~~~~~~~~~~~~~~~~~~~~~~~
      |            |              |
      |            char *         int
      |           %d
..\src\Ex5.c:26:12: warning: format '%s' expects argument of type 'char *', but argument 2 has type 'int' [-Wformat=]
   26 |  printf ("%s",(**(*ptr+1)).Employee_ID);
      |           ~^  ~~~~~~~~~~~~~~~~~~~~~~~~
      |            |              |
      |            char *         int
      |           %d
Info: Nothing to build for Ex1
Info: Nothing to build for Ex2
Info: Nothing to build for Ex3
Info: Nothing to build for Ex4
14:30:58 **** Incremental Build of configuration Debug for project Ex5 ****
Info: Internal Builder is used for build
gcc -O0 -g3 -Wall -c -fmessage-length=0 -o "src\\Ex5.o" "..\\src\\Ex5.c" 
..\src\Ex5.c: In function 'main':
..\src\Ex5.c:24:29: error: invalid initializer
   24 |  struct data   (*(*ptr[2]))=&arr;
      |                             ^
14:31:04 **** Incremental Build of configuration Debug for project Ex5 ****
Info: Internal Builder is used for build
gcc -O0 -g3 -Wall -c -fmessage-length=0 -o "src\\Ex5.o" "..\\src\\Ex5.c" 
..\src\Ex5.c: In function 'main':
..\src\Ex5.c:24:29: error: invalid initializer
   24 |  struct data   (*(*ptr[2]))=&arr;
      |                             ^
Info: Nothing to build for Ex1
Info: Nothing to build for Ex2
Info: Nothing to build for Ex3
Info: Nothing to build for Ex4
14:32:00 **** Incremental Build of configuration Debug for project Ex5 ****
Info: Internal Builder is used for build
gcc -O0 -g3 -Wall -c -fmessage-length=0 -o "src\\Ex5.o" "..\\src\\Ex5.c" 
..\src\Ex5.c: In function 'main':
..\src\Ex5.c:24:29: warning: initialization of 'struct data * (*)[2]' from incompatible pointer type 'struct data * (*)[3]' [-Wincompatible-pointer-types]
   24 |  struct data   (*(*ptr)[2])=&arr;
      |                             ^
gcc -o Ex5.exe "src\\Ex5.o" 
Info: Nothing to build for Ex5
Info: Nothing to build for Ex1
Info: Nothing to build for Ex2
Info: Nothing to build for Ex3
Info: Nothing to build for Ex4
14:32:33 **** Incremental Build of configuration Debug for project Ex5 ****
Info: Internal Builder is used for build
gcc -O0 -g3 -Wall -c -fmessage-length=0 -o "src\\Ex5.o" "..\\src\\Ex5.c" 
..\src\Ex5.c: In function 'main':
..\src\Ex5.c:24:29: warning: initialization of 'struct data * (*)[2]' from incompatible pointer type 'struct data * (*)[3]' [-Wincompatible-pointer-types]
   24 |  struct data   (*(*ptr)[2])=&arr;
      |                             ^
gcc -o Ex5.exe "src\\Ex5.o" 
14:33:06 **** Incremental Build of configuration Debug for project Ex5 ****
Info: Internal Builder is used for build
gcc -O0 -g3 -Wall -c -fmessage-length=0 -o "src\\Ex5.o" "..\\src\\Ex5.c" 
gcc -o Ex5.exe "src\\Ex5.o" 
14:33:49 **** Incremental Build of configuration Debug for project Ex5 ****
Info: Internal Builder is used for build
gcc -O0 -g3 -Wall -c -fmessage-length=0 -o "src\\Ex5.o" "..\\src\\Ex5.c" 
gcc -o Ex5.exe "src\\Ex5.o" 
Info: Nothing to build for Ex1
Info: Nothing to build for Ex2
Info: Nothing to build for Ex3
Info: Nothing to build for Ex4
Info: Nothing to build for Ex5
14:42:37 **** Rebuild of configuration Debug for project Ex_5 ****
Info: Internal Builder is used for build
gcc -O0 -g3 -Wall -c -fmessage-length=0 -o "src\\Ex_5.o" "..\\src\\Ex_5.c" 
..\src\Ex_5.c:15:7: error: flexible array member not at end of struct
   15 |  char emp_name[];
      |       ^~~~~~~~
..\src\Ex_5.c: In function 'main':
..\src\Ex_5.c:19:45: warning: overflow in conversion from 'int' to 'char' changes value from '456' to '-56' [-Woverflow]
   19 |  struct data emp1={"john",123},emp2={"alex",456},emp3={"Bob",789};
      |                                             ^~~
..\src\Ex_5.c:19:62: warning: overflow in conversion from 'int' to 'char' changes value from '789' to '21' [-Woverflow]
   19 |  struct data emp1={"john",123},emp2={"alex",456},emp3={"Bob",789};
      |                                                              ^~~
..\src\Ex_5.c:22:26: error: '*((struct data **)ptr + 8)' is a pointer; did you mean to use '->'?
   22 |  printf ("%s ",**(*ptr+1)->emp_name);
      |                          ^~
      |                          ->
..\src\Ex_5.c:23:26: error: '*((struct data **)ptr + 8)' is a pointer; did you mean to use '->'?
   23 |  printf ("%d ",**(*ptr+1)->emp_id);
      |                          ^~
      |                          ->
Info: Nothing to build for Ex1
Info: Nothing to build for Ex2
Info: Nothing to build for Ex3
Info: Nothing to build for Ex4
Info: Nothing to build for Ex5
14:45:02 **** Incremental Build of configuration Debug for project Ex_5 ****
Info: Internal Builder is used for build
gcc -O0 -g3 -Wall -c -fmessage-length=0 -o "src\\Ex_5.o" "..\\src\\Ex_5.c" 
..\src\Ex_5.c:15:7: error: flexible array member not at end of struct
   15 |  char emp_name[];
      |       ^~~~~~~~
..\src\Ex_5.c: In function 'main':
..\src\Ex_5.c:19:45: warning: overflow in conversion from 'int' to 'char' changes value from '456' to '-56' [-Woverflow]
   19 |  struct data emp1={"john",123},emp2={"alex",456},emp3={"Bob",789};
      |                                             ^~~
..\src\Ex_5.c:19:62: warning: overflow in conversion from 'int' to 'char' changes value from '789' to '21' [-Woverflow]
   19 |  struct data emp1={"john",123},emp2={"alex",456},emp3={"Bob",789};
      |                                                              ^~~
..\src\Ex_5.c:22:26: error: '*((struct data **)ptr + 8)' is a pointer; did you mean to use '->'?
   22 |  printf ("%s ",**(*ptr+1)->emp_name);
      |                          ^~
      |                          ->
..\src\Ex_5.c:23:26: error: '*((struct data **)ptr + 8)' is a pointer; did you mean to use '->'?
   23 |  printf ("%d ",**(*ptr+1)->emp_id);
      |                          ^~
      |                          ->
Info: Nothing to build for Ex1
Info: Nothing to build for Ex2
Info: Nothing to build for Ex3
Info: Nothing to build for Ex4
Info: Nothing to build for Ex5
14:45:51 **** Incremental Build of configuration Debug for project Ex_5 ****
Info: Internal Builder is used for build
gcc -O0 -g3 -Wall -c -fmessage-length=0 -o "src\\Ex_5.o" "..\\src\\Ex_5.c" 
..\src\Ex_5.c: In function 'main':
..\src\Ex_5.c:19:45: warning: overflow in conversion from 'int' to 'char' changes value from '456' to '-56' [-Woverflow]
   19 |  struct data emp1={"john",123},emp2={"alex",456},emp3={"Bob",789};
      |                                             ^~~
..\src\Ex_5.c:19:62: warning: overflow in conversion from 'int' to 'char' changes value from '789' to '21' [-Woverflow]
   19 |  struct data emp1={"john",123},emp2={"alex",456},emp3={"Bob",789};
      |                                                              ^~~
..\src\Ex_5.c:22:26: error: '*((struct data **)ptr + 8)' is a pointer; did you mean to use '->'?
   22 |  printf ("%s ",**(*ptr+1)->emp_name);
      |                          ^~
      |                          ->
..\src\Ex_5.c:23:26: error: '*((struct data **)ptr + 8)' is a pointer; did you mean to use '->'?
   23 |  printf ("%d ",**(*ptr+1)->emp_id);
      |                          ^~
      |                          ->
Info: Nothing to build for Ex1
Info: Nothing to build for Ex2
Info: Nothing to build for Ex3
Info: Nothing to build for Ex4
Info: Nothing to build for Ex5
14:46:23 **** Incremental Build of configuration Debug for project Ex_5 ****
Info: Internal Builder is used for build
gcc -O0 -g3 -Wall -c -fmessage-length=0 -o "src\\Ex_5.o" "..\\src\\Ex_5.c" 
..\src\Ex_5.c: In function 'main':
..\src\Ex_5.c:19:45: warning: overflow in conversion from 'int' to 'char' changes value from '456' to '-56' [-Woverflow]
   19 |  struct data emp1={"john",123},emp2={"alex",456},emp3={"Bob",789};
      |                                             ^~~
..\src\Ex_5.c:19:62: warning: overflow in conversion from 'int' to 'char' changes value from '789' to '21' [-Woverflow]
   19 |  struct data emp1={"john",123},emp2={"alex",456},emp3={"Bob",789};
      |                                                              ^~~
..\src\Ex_5.c:22:28: error: invalid type argument of '->' (have 'struct data')
   22 |  printf ("%s ",(**(*ptr+1))->emp_name);
      |                            ^~
..\src\Ex_5.c:23:26: error: '*((struct data **)ptr + 8)' is a pointer; did you mean to use '->'?
   23 |  printf ("%d ",**(*ptr+1)->emp_id);
      |                          ^~
      |                          ->
Info: Nothing to build for Ex1
Info: Nothing to build for Ex2
Info: Nothing to build for Ex3
Info: Nothing to build for Ex4
Info: Nothing to build for Ex5
14:46:32 **** Incremental Build of configuration Debug for project Ex_5 ****
Info: Internal Builder is used for build
gcc -O0 -g3 -Wall -c -fmessage-length=0 -o "src\\Ex_5.o" "..\\src\\Ex_5.c" 
..\src\Ex_5.c: In function 'main':
..\src\Ex_5.c:19:45: warning: overflow in conversion from 'int' to 'char' changes value from '456' to '-56' [-Woverflow]
   19 |  struct data emp1={"john",123},emp2={"alex",456},emp3={"Bob",789};
      |                                             ^~~
..\src\Ex_5.c:19:62: warning: overflow in conversion from 'int' to 'char' changes value from '789' to '21' [-Woverflow]
   19 |  struct data emp1={"john",123},emp2={"alex",456},emp3={"Bob",789};
      |                                                              ^~~
..\src\Ex_5.c:23:26: error: '*((struct data **)ptr + 8)' is a pointer; did you mean to use '->'?
   23 |  printf ("%d ",**(*ptr+1)->emp_id);
      |                          ^~
      |                          ->
Info: Nothing to build for Ex1
Info: Nothing to build for Ex2
Info: Nothing to build for Ex3
Info: Nothing to build for Ex4
Info: Nothing to build for Ex5
14:46:45 **** Incremental Build of configuration Debug for project Ex_5 ****
Info: Internal Builder is used for build
gcc -O0 -g3 -Wall -c -fmessage-length=0 -o "src\\Ex_5.o" "..\\src\\Ex_5.c" 
..\src\Ex_5.c: In function 'main':
..\src\Ex_5.c:19:45: warning: overflow in conversion from 'int' to 'char' changes value from '456' to '-56' [-Woverflow]
   19 |  struct data emp1={"john",123},emp2={"alex",456},emp3={"Bob",789};
      |                                             ^~~
..\src\Ex_5.c:19:62: warning: overflow in conversion from 'int' to 'char' changes value from '789' to '21' [-Woverflow]
   19 |  struct data emp1={"john",123},emp2={"alex",456},emp3={"Bob",789};
      |                                                              ^~~
..\src\Ex_5.c:23:26: error: '*((struct data **)ptr + 8)' is a pointer; did you mean to use '->'?
   23 |  printf ("%d ",**(*ptr+1)->emp_id);
      |                          ^~
      |                          ->
Info: Nothing to build for Ex1
Info: Nothing to build for Ex2
Info: Nothing to build for Ex3
Info: Nothing to build for Ex4
Info: Nothing to build for Ex5
14:46:50 **** Incremental Build of configuration Debug for project Ex_5 ****
Info: Internal Builder is used for build
gcc -O0 -g3 -Wall -c -fmessage-length=0 -o "src\\Ex_5.o" "..\\src\\Ex_5.c" 
..\src\Ex_5.c: In function 'main':
..\src\Ex_5.c:19:45: warning: overflow in conversion from 'int' to 'char' changes value from '456' to '-56' [-Woverflow]
   19 |  struct data emp1={"john",123},emp2={"alex",456},emp3={"Bob",789};
      |                                             ^~~
..\src\Ex_5.c:19:62: warning: overflow in conversion from 'int' to 'char' changes value from '789' to '21' [-Woverflow]
   19 |  struct data emp1={"john",123},emp2={"alex",456},emp3={"Bob",789};
      |                                                              ^~~
..\src\Ex_5.c:23:26: error: '*((struct data **)ptr + 8)' is a pointer; did you mean to use '->'?
   23 |  printf ("%d ",**(*ptr+1)->emp_id);
      |                          ^~
      |                          ->
Info: Nothing to build for Ex1
Info: Nothing to build for Ex2
Info: Nothing to build for Ex3
Info: Nothing to build for Ex4
Info: Nothing to build for Ex5
14:47:02 **** Incremental Build of configuration Debug for project Ex_5 ****
Info: Internal Builder is used for build
gcc -O0 -g3 -Wall -c -fmessage-length=0 -o "src\\Ex_5.o" "..\\src\\Ex_5.c" 
..\src\Ex_5.c: In function 'main':
..\src\Ex_5.c:19:45: warning: overflow in conversion from 'int' to 'char' changes value from '456' to '-56' [-Woverflow]
   19 |  struct data emp1={"john",123},emp2={"alex",456},emp3={"Bob",789};
      |                                             ^~~
..\src\Ex_5.c:19:62: warning: overflow in conversion from 'int' to 'char' changes value from '789' to '21' [-Woverflow]
   19 |  struct data emp1={"john",123},emp2={"alex",456},emp3={"Bob",789};
      |                                                              ^~~
..\src\Ex_5.c:23:28: error: invalid type argument of '->' (have 'struct data')
   23 |  printf ("%d ",(**(*ptr+1))->emp_id);
      |                            ^~
Info: Nothing to build for Ex1
Info: Nothing to build for Ex2
Info: Nothing to build for Ex3
Info: Nothing to build for Ex4
Info: Nothing to build for Ex5
14:47:18 **** Incremental Build of configuration Debug for project Ex_5 ****
Info: Internal Builder is used for build
gcc -O0 -g3 -Wall -c -fmessage-length=0 -o "src\\Ex_5.o" "..\\src\\Ex_5.c" 
..\src\Ex_5.c: In function 'main':
..\src\Ex_5.c:19:45: warning: overflow in conversion from 'int' to 'char' changes value from '456' to '-56' [-Woverflow]
   19 |  struct data emp1={"john",123},emp2={"alex",456},emp3={"Bob",789};
      |                                             ^~~
..\src\Ex_5.c:19:62: warning: overflow in conversion from 'int' to 'char' changes value from '789' to '21' [-Woverflow]
   19 |  struct data emp1={"john",123},emp2={"alex",456},emp3={"Bob",789};
      |                                                              ^~~
..\src\Ex_5.c:23:28: error: invalid type argument of '->' (have 'struct data')
   23 |  printf ("%d ",(**(*ptr+1))->emp_id);
      |                            ^~
Info: Nothing to build for Ex1
Info: Nothing to build for Ex2
Info: Nothing to build for Ex3
Info: Nothing to build for Ex4
Info: Nothing to build for Ex5
14:47:59 **** Incremental Build of configuration Debug for project Ex_5 ****
Info: Internal Builder is used for build
gcc -O0 -g3 -Wall -c -fmessage-length=0 -o "src\\Ex_5.o" "..\\src\\Ex_5.c" 
..\src\Ex_5.c: In function 'main':
..\src\Ex_5.c:19:45: warning: overflow in conversion from 'int' to 'char' changes value from '456' to '-56' [-Woverflow]
   19 |  struct data emp1={"john",123},emp2={"alex",456},emp3={"Bob",789};
      |                                             ^~~
..\src\Ex_5.c:19:62: warning: overflow in conversion from 'int' to 'char' changes value from '789' to '21' [-Woverflow]
   19 |  struct data emp1={"john",123},emp2={"alex",456},emp3={"Bob",789};
      |                                                              ^~~
gcc -o Ex_5.exe "src\\Ex_5.o" 
Info: Nothing to build for Ex_5
Info: Nothing to build for Ex1
Info: Nothing to build for Ex2
Info: Nothing to build for Ex3
Info: Nothing to build for Ex4
Info: Nothing to build for Ex5
14:48:26 **** Incremental Build of configuration Debug for project Ex_5 ****
Info: Internal Builder is used for build
gcc -O0 -g3 -Wall -c -fmessage-length=0 -o "src\\Ex_5.o" "..\\src\\Ex_5.c" 
..\src\Ex_5.c: In function 'main':
..\src\Ex_5.c:19:45: warning: overflow in conversion from 'int' to 'char' changes value from '456' to '-56' [-Woverflow]
   19 |  struct data emp1={"john",123},emp2={"alex",456},emp3={"Bob",789};
      |                                             ^~~
..\src\Ex_5.c:19:62: warning: overflow in conversion from 'int' to 'char' changes value from '789' to '21' [-Woverflow]
   19 |  struct data emp1={"john",123},emp2={"alex",456},emp3={"Bob",789};
      |                                                              ^~~
..\src\Ex_5.c:23:28: error: invalid type argument of '->' (have 'struct data')
   23 |  printf ("%d ",(**(*ptr+1))->emp_id);
      |                            ^~
Info: Nothing to build for Ex1
Info: Nothing to build for Ex2
Info: Nothing to build for Ex3
Info: Nothing to build for Ex4
Info: Nothing to build for Ex5
14:49:07 **** Incremental Build of configuration Debug for project Ex_5 ****
Info: Internal Builder is used for build
gcc -O0 -g3 -Wall -c -fmessage-length=0 -o "src\\Ex_5.o" "..\\src\\Ex_5.c" 
gcc -o Ex_5.exe "src\\Ex_5.o" 
Info: Nothing to build for Ex_5
